[2024-09-18 02:13:07] : "level":"error", "message":"getUsrByEmailAndToken is not defined , requestUrl : /api/users/test"
[2024-09-18 02:13:27] : "level":"error", "message":"getUsrByEmailAndToken is not defined , requestUrl : /api/users/test"
[2024-09-19 00:37:05] : "level":"error", "message":"Cannot read properties of undefined (reading 'statusCode') , requestUrl : /api/users/logout"
[2024-09-19 00:37:56] : "level":"error", "message":"Cannot read properties of undefined (reading 'statusCode') , requestUrl : /api/users/logout"
[2024-09-19 00:38:53] : "level":"error", "message":"Cannot read properties of undefined (reading 'statusCode') , requestUrl : /api/users/logout"
[2024-09-19 01:08:21] : "level":"error", "message":"tokens is not defined , requestUrl : /api/users/logout-all-devices"
[2024-09-19 01:10:14] : "level":"error", "message":"tokens is not defined , requestUrl : /api/users/logout-all-devices"
[2024-09-19 01:12:30] : "level":"error", "message":"$pullAll requires an array argument but was given a object , requestUrl : /api/users/logout-all-devices"
[2024-09-19 02:04:31] : "level":"error", "message":"User not found , requestUrl : /api/users/get-details/66e88343716e97a39c2c3dbb"
[2024-09-19 02:07:16] : "level":"error", "message":"userInformation is not defined , requestUrl : /api/users/update-details/66e88343716e97a39c2c3dbb"
[2024-09-19 02:07:58] : "level":"error", "message":"userInformation is not defined , requestUrl : /api/users/update-details/66e88343716e97a39c2c3dbb"
[2024-09-19 02:08:02] : "level":"error", "message":"next is not a function , requestUrl : /api/users/update-details/66e88343716e97a39c2c3dbb"
[2024-09-19 02:09:18] : "level":"error", "message":"You are not authorize to update this information , requestUrl : /api/users/update-details/66e88d0e1615da8fecc87617"
[2024-09-19 02:12:02] : "level":"error", "message":""
[2024-09-19 02:12:19] : "level":"error", "message":""
[2024-09-19 02:12:57] : "level":"error", "message":""
[2024-09-19 02:13:41] : "level":"error", "message":"You are not authorize to update this information , requestUrl : /api/users/update-details/66e88d0e1615da8fecc87617"
[2024-09-20 11:19:38] : "level":"error", "message":"Not a valid session , requestUrl : /api/users/get-details/66e88343716e97a39c2c3dbb"
[2024-09-20 11:58:08] : "level":"error", "message":"E11000 duplicate key error collection: postaway2.users index: email_1 dup key: { email: "kumar1@gmail.com" } , requestUrl : /api/users/signup"
[2024-09-20 12:13:00] : "level":"error", "message":"StrictPopulateError: Cannot populate path `user` because it is not in your schema. Set the `strictPopulate` option to false to override. , requestUrl : /api/posts/66ed15cd45074820f1a7b821"
[2024-09-20 12:13:31] : "level":"error", "message":"StrictPopulateError: Cannot populate path `User` because it is not in your schema. Set the `strictPopulate` option to false to override. , requestUrl : /api/posts/66ed15cd45074820f1a7b821"
[2024-09-20 12:14:41] : "level":"error", "message":"StrictPopulateError: Cannot populate path `User` because it is not in your schema. Set the `strictPopulate` option to false to override. , requestUrl : /api/posts/66ed15cd45074820f1a7b821"
[2024-09-20 12:17:11] : "level":"error", "message":"StrictPopulateError: Cannot populate path `user` because it is not in your schema. Set the `strictPopulate` option to false to override. , requestUrl : /api/posts/66ed15cd45074820f1a7b821"
[2024-09-20 12:18:53] : "level":"error", "message":"StrictPopulateError: Cannot populate path `user` because it is not in your schema. Set the `strictPopulate` option to false to override. , requestUrl : /api/posts/66ed15cd45074820f1a7b821"
[2024-09-20 12:21:28] : "level":"error", "message":"StrictPopulateError: Cannot populate path `user` because it is not in your schema. Set the `strictPopulate` option to false to override. , requestUrl : /api/posts/66ed15cd45074820f1a7b821"
[2024-09-20 12:29:55] : "level":"error", "message":"ReferenceError: ObjectId is not defined , requestUrl : /api/posts/user/66ed15cd45074820f1a7b821"
[2024-09-20 12:31:45] : "level":"error", "message":"ReferenceError: isObjectIdOrHexString is not defined , requestUrl : /api/posts/user/66ed15cd45074820f1a7b821"
[2024-09-20 12:43:11] : "level":"error", "message":"CastError: Cast to ObjectId failed for value "SchemaObjectId {
  path: '66ed15cd45074820f1a7b821',
  instance: 'ObjectId',
  validators: [],
  getters: [],
  setters: [],
  _presplitPath: [ '66ed15cd45074820f1a7b821' ],
  options: SchemaObjectIdOptions {},
  _index: null,
  [Symbol(mongoose#schemaType)]: true
}" (type SchemaObjectId) at path "owner" for model "Post" , requestUrl : /api/posts/user/66ed15cd45074820f1a7b821"
[2024-09-20 12:43:30] : "level":"error", "message":"TypeError: Cannot set properties of undefined (setting 'Symbol(mongoose#schemaType)') , requestUrl : /api/posts/user/66ed15cd45074820f1a7b821"
[2024-09-20 12:44:11] : "level":"error", "message":"TypeError: Cannot set properties of undefined (setting 'Symbol(mongoose#schemaType)') , requestUrl : /api/posts/user/66ed15cd45074820f1a7b821"
[2024-09-20 12:44:18] : "level":"error", "message":"TypeError: Cannot set properties of undefined (setting 'Symbol(mongoose#schemaType)') , requestUrl : /api/posts/user/66e88d0e1615da8fecc87617"
[2024-09-20 12:44:32] : "level":"error", "message":"TypeError: Cannot set properties of undefined (setting 'Symbol(mongoose#schemaType)') , requestUrl : /api/posts/user/66e88d0e1615da8fecc87617"
[2024-09-20 12:59:35] : "level":"error", "message":"Post is no longer availbe  , requestUrl : /api/posts/66ed162a45074820f1a7b831"
[2024-09-20 13:11:49] : "level":"error", "message":"Caption is require , requestUrl : /api/posts"
[2024-09-20 21:40:15] : "level":"error", "message":"Comment is required , requestUrl : /api/comments/66ed15cd45074820f1a7b821"
[2024-09-20 21:42:37] : "level":"error", "message":"Post not found , requestUrl : /api/comments/66ed15cd45074820f1a7b822"
[2024-09-20 22:05:33] : "level":"error", "message":"Cast to ObjectId failed for value ":postId" (type string) at path "post" for model "Comment" , requestUrl : /api/comments/:postId"
[2024-09-20 22:12:09] : "level":"error", "message":"Post not found , requestUrl : /api/comments/66ed15cd45074820f1a7b821"
[2024-09-20 23:02:49] : "level":"error", "message":"CommentId is require , requestUrl : /api/comments/66eda6b460a58d1a9a549ca8"
[2024-09-20 23:05:29] : "level":"error", "message":"You are not authorize to delete the comment , requestUrl : /api/comments/66eda6b460a58d1a9a549ca8"
[2024-09-20 23:08:28] : "level":"error", "message":"Model.findByIdAndUpdate() no longer accepts a callback , requestUrl : /api/comments/66eda6b460a58d1a9a549ca8"
[2024-09-20 23:15:36] : "level":"error", "message":"Model.findByIdAndUpdate() no longer accepts a callback , requestUrl : /api/comments/66eda6a860a58d1a9a549ca1"
[2024-09-20 23:17:13] : "level":"error", "message":"Model.findByIdAndUpdate() no longer accepts a callback , requestUrl : /api/comments/66eda6a860a58d1a9a549ca1"
[2024-09-20 23:28:42] : "level":"error", "message":"You do not have permission to update this user's information , requestUrl : /api/users/update-details/66edb7b3c08fa65b416b23f3"
[2024-09-20 23:33:17] : "level":"error", "message":"Post not found , requestUrl : /api/comments/66edb7b3c08fa65b416b23f3"
[2024-09-20 23:34:48] : "level":"error", "message":"You are not authorize to delete the comment , requestUrl : /api/comments/66edb8f2c08fa65b416b241d"
[2024-09-20 23:35:15] : "level":"error", "message":"You are not authorize to delete the comment , requestUrl : /api/comments/66edb8f2c08fa65b416b241d"
[2024-09-20 23:35:20] : "level":"error", "message":"You are not authorize to delete the comment , requestUrl : /api/comments/66edb8f2c08fa65b416b241d"
[2024-09-20 23:37:19] : "level":"error", "message":"You are not authorize to delete the comment , requestUrl : /api/comments/66edb8f2c08fa65b416b241d"
[2024-09-20 23:40:03] : "level":"error", "message":"You are not authorize to delete the comment , requestUrl : /api/comments/66edb8f2c08fa65b416b241d"
[2024-09-20 23:40:30] : "level":"error", "message":"Post not found , requestUrl : /api/posts/66ed2467e7656b800006fa8e"
[2024-09-20 23:55:38] : "level":"error", "message":"Post not found , requestUrl : /api/posts/66edb7b3c08fa65b416b23f3"
[2024-09-20 23:56:52] : "level":"error", "message":"PostId is require , requestUrl : /api/comments/66edbe49ae8cc9b3bba6264d"
[2024-09-20 23:58:15] : "level":"error", "message":"You are not authorize to update the comment , requestUrl : /api/comments/66edbe49ae8cc9b3bba6264d"
[2024-09-21 02:01:01] : "level":"error", "message":"Cast to ObjectId failed for value ":userId" (type string) at path "_id" for model "User" , requestUrl : /api/friends/get-friends/:userId"
[2024-09-21 02:01:40] : "level":"error", "message":"Cast to ObjectId failed for value ":userId" (type string) at path "_id" for model "User" , requestUrl : /api/friends/get-friends/:userId"
[2024-09-21 02:03:10] : "level":"error", "message":"Cast to ObjectId failed for value ":userId" (type string) at path "_id" for model "User" , requestUrl : /api/friends/get-friends/:userId"
[2024-09-21 02:57:53] : "level":"error", "message":"Parameter "obj" to Document() must be an object, got "66edd3a0677090467805cbb3" (type string) , requestUrl : /api/friends/toggle-friendship/66edd3a0677090467805cbb3"
[2024-09-21 02:58:07] : "level":"error", "message":"Parameter "obj" to Document() must be an object, got "66edd3a0677090467805cbb3" (type string) , requestUrl : /api/friends/toggle-friendship/66edd3a0677090467805cbb3"
[2024-09-21 03:32:03] : "level":"error", "message":"Friend request alread sended , requestUrl : /api/friends/toggle-friendship/66edd3a0677090467805cbb3"
[2024-09-21 03:32:46] : "level":"error", "message":"Somthing wrong , requestUrl : /api/friends/toggle-friendship/66edd3a0677090467805cbb3"
[2024-09-21 03:33:19] : "level":"error", "message":"Please select proper status , requestUrl : /api/friends/toggle-friendship/66edd3a0677090467805cbb3"
[2024-09-21 03:33:27] : "level":"error", "message":"Please select proper status , requestUrl : /api/friends/toggle-friendship/66edd3a0677090467805cbb3"
[2024-09-21 03:35:25] : "level":"error", "message":"Please select proper status , requestUrl : /api/friends/toggle-friendship/66edd3a0677090467805cbb3"
[2024-09-21 03:35:44] : "level":"error", "message":"Please select proper status , requestUrl : /api/friends/toggle-friendship/66edd3a0677090467805cbb3"
[2024-09-21 03:36:33] : "level":"error", "message":"Friend request alread sended , requestUrl : /api/friends/toggle-friendship/66edd3a0677090467805cbb3"
[2024-09-21 03:36:44] : "level":"error", "message":"Somthing wrong , requestUrl : /api/friends/toggle-friendship/66edd3a0677090467805cbb3"
[2024-09-21 03:37:37] : "level":"error", "message":"Please select proper status , requestUrl : /api/friends/toggle-friendship/66edd3a0677090467805cbb3"
[2024-09-21 03:37:46] : "level":"error", "message":"Friend request alread sended , requestUrl : /api/friends/toggle-friendship/66edd3a0677090467805cbb3"
[2024-09-21 03:41:27] : "level":"error", "message":"This action not possible. you are not friend , requestUrl : /api/friends/toggle-friendship/66edd3a0677090467805cbb3"
[2024-09-21 16:59:37] : "level":"error", "message":"You cannot send a friend request to yourself , requestUrl : /api/friends/toggle-friendship/66e88343716e97a39c2c3dbb"
[2024-09-21 18:51:23] : "level":"error", "message":"You are already friends with this user , requestUrl : /api/friends/toggle-friendship/66edd3a0677090467805cbb3"
[2024-09-21 18:52:03] : "level":"error", "message":"You are already friends with this user , requestUrl : /api/friends/toggle-friendship/66edd3a0677090467805cbb3"
[2024-09-21 18:55:58] : "level":"error", "message":"Cannot read properties of undefined (reading 'id') , requestUrl : /api/friends/response-to-request/:friendId"
[2024-09-21 18:56:14] : "level":"error", "message":"Cannot read properties of undefined (reading 'id') , requestUrl : /api/friends/response-to-request/66edd3a0677090467805cbb3"
[2024-09-21 18:56:21] : "level":"error", "message":"Cannot read properties of undefined (reading 'id') , requestUrl : /api/friends/response-to-request/66edd3a0677090467805cbb3"
[2024-09-21 18:56:52] : "level":"error", "message":"Cannot read properties of undefined (reading 'id') , requestUrl : /api/friends/response-to-request/66edd3a0677090467805cbb3"
[2024-09-21 18:57:10] : "level":"error", "message":"Cannot read properties of undefined (reading 'userId') , requestUrl : /api/friends/response-to-request/66edd3a0677090467805cbb3"
[2024-09-21 18:57:23] : "level":"error", "message":"You are already friends with this user , requestUrl : /api/friends/response-to-request/66edd3a0677090467805cbb3"
[2024-09-21 19:23:28] : "level":"error", "message":"Friend request already sent , requestUrl : /api/friends/toggle-friendship/66edd3a0677090467805cbb3"
[2024-09-21 19:25:47] : "level":"error", "message":"Friend request already sent , requestUrl : /api/friends/toggle-friendship/66edd3a0677090467805cbb3"
[2024-09-21 19:26:00] : "level":"error", "message":"You are already friends with this user , requestUrl : /api/friends/response-to-request/66edd3a0677090467805cbb3"
[2024-09-21 19:34:26] : "level":"error", "message":"This action is not possible. You have send request to user waiting for his move , requestUrl : /api/friends/response-to-request/66edd3a0677090467805cbb3"
[2024-09-21 19:37:18] : "level":"error", "message":"ther is no pending request to acept , requestUrl : /api/friends/response-to-request/66edb7b3c08fa65b416b23f3"
[2024-09-21 19:37:30] : "level":"error", "message":"receiverUser is not defined , requestUrl : /api/friends/response-to-request/66e88343716e97a39c2c3dbb"
[2024-09-21 19:37:38] : "level":"error", "message":"receiverUser is not defined , requestUrl : /api/friends/response-to-request/66e88343716e97a39c2c3dbb"
[2024-09-21 19:38:27] : "level":"error", "message":"receiverUser is not defined , requestUrl : /api/friends/response-to-request/66e88343716e97a39c2c3dbb"
[2024-09-23 22:16:14] : "level":"info", "message":"[object Object]"
[2024-09-23 22:18:30] : "level":"info", "message":"[object Object]"
[2024-09-23 22:19:49] : "level":"info", "message":"[object Object]"
[2024-09-24 01:21:15] : "level":"info", "message":"[object Object]"
[2024-09-24 01:22:26] : "level":"error", "message":"Invalid OTP , requestUrl : /api/otp/verify"
[2024-09-24 01:22:50] : "level":"error", "message":"Invalid OTP , requestUrl : /api/otp/verify"
[2024-09-24 01:23:52] : "level":"error", "message":"Invalid OTP , requestUrl : /api/otp/reset-password"
[2024-09-24 01:24:03] : "level":"error", "message":"Invalid OTP , requestUrl : /api/otp/reset-password"
[2024-09-24 01:24:59] : "level":"error", "message":"updatedUser is not defined , requestUrl : /api/otp/reset-password"
[2024-09-24 01:25:20] : "level":"error", "message":"Invalid OTP , requestUrl : /api/otp/reset-password"
[2024-09-24 01:26:52] : "level":"info", "message":"[object Object]"
[2024-09-24 02:08:58] : "level":"error", "message":"E11000 duplicate key error collection: postaway2.users index: email_1 dup key: { email: "jitmaity9@gmail.com" } , requestUrl : /api/users/signup"
[2024-09-24 02:09:31] : "level":"error", "message":"userCredential is not defined , requestUrl : /api/users/signin"
[2024-09-24 02:10:00] : "level":"error", "message":"user is not defined , requestUrl : /api/users/signin"
[2024-09-24 02:11:08] : "level":"error", "message":"Cannot read properties of undefined (reading 'generateAuthToken') , requestUrl : /api/users/signin"
[2024-09-24 02:11:50] : "level":"error", "message":"Cannot read properties of undefined (reading 'generateAuthToken') , requestUrl : /api/users/signin"
[2024-09-24 02:12:49] : "level":"error", "message":"Please provide valid email and password , requestUrl : /api/users/logout"
[2024-09-24 02:13:09] : "level":"error", "message":"Please provide valid email and password , requestUrl : /api/users/logout"
[2024-09-24 02:13:26] : "level":"error", "message":"Please provide valid email and password , requestUrl : /api/users/logout"
[2024-09-24 02:13:58] : "level":"error", "message":"Please provide valid email and password , requestUrl : /api/users/logout"
[2024-09-24 02:15:35] : "level":"error", "message":"Please provide valid email and password , requestUrl : /api/users/get-details/66e88343716e97a39c2c3dbb"
[2024-09-24 02:19:47] : "level":"error", "message":"Please provide valid email and password , requestUrl : /api/users/logout-all-devices"
[2024-09-24 02:21:46] : "level":"error", "message":"User not found , requestUrl : /api/users/get-details/66e88343716e97a39c2c3dbb"
[2024-09-24 19:52:00] : "level":"error", "message":"E11000 duplicate key error collection: postaway2.users index: email_1 dup key: { email: "jitmaity9@gmail.com" } , requestUrl : /api/users/signup"
[2024-09-24 19:53:48] : "level":"error", "message":"Not a valid session. Please login again , requestUrl : /api/friends/toggle-friendship/66f2cb10f37302c411d3730e"
[2024-09-24 19:54:17] : "level":"error", "message":"Friend request already sent , requestUrl : /api/friends/toggle-friendship/66f2cb10f37302c411d3730e"
[2024-09-24 19:54:21] : "level":"error", "message":"Friend request already sent , requestUrl : /api/friends/toggle-friendship/66f2cb10f37302c411d3730e"
[2024-09-24 19:54:52] : "level":"error", "message":"You cannot friendship with yourself , requestUrl : /api/friends/response-to-request/66f2cb03f37302c411d3730a"
[2024-09-29 20:46:58] : "level":"error", "message":"No account found with this email. Please sign up.  , requestUrl : /api/users/signin"
[2024-09-29 20:47:34] : "level":"error", "message":"No account found with this email. Please sign up.  , requestUrl : /api/users/signin"
[2024-09-29 22:08:58] : "level":"error", "message":"You do not have permission to update this user's information , requestUrl : /api/users/update-details/66f2cb03f37302c411d3730a"
