[2024-09-18 02:13:07] : "level":"error", "message":"getUsrByEmailAndToken is not defined , requestUrl : /api/users/test"
[2024-09-18 02:13:27] : "level":"error", "message":"getUsrByEmailAndToken is not defined , requestUrl : /api/users/test"
[2024-09-19 00:37:05] : "level":"error", "message":"Cannot read properties of undefined (reading 'statusCode') , requestUrl : /api/users/logout"
[2024-09-19 00:37:56] : "level":"error", "message":"Cannot read properties of undefined (reading 'statusCode') , requestUrl : /api/users/logout"
[2024-09-19 00:38:53] : "level":"error", "message":"Cannot read properties of undefined (reading 'statusCode') , requestUrl : /api/users/logout"
[2024-09-19 01:08:21] : "level":"error", "message":"tokens is not defined , requestUrl : /api/users/logout-all-devices"
[2024-09-19 01:10:14] : "level":"error", "message":"tokens is not defined , requestUrl : /api/users/logout-all-devices"
[2024-09-19 01:12:30] : "level":"error", "message":"$pullAll requires an array argument but was given a object , requestUrl : /api/users/logout-all-devices"
[2024-09-19 02:04:31] : "level":"error", "message":"User not found , requestUrl : /api/users/get-details/66e88343716e97a39c2c3dbb"
[2024-09-19 02:07:16] : "level":"error", "message":"userInformation is not defined , requestUrl : /api/users/update-details/66e88343716e97a39c2c3dbb"
[2024-09-19 02:07:58] : "level":"error", "message":"userInformation is not defined , requestUrl : /api/users/update-details/66e88343716e97a39c2c3dbb"
[2024-09-19 02:08:02] : "level":"error", "message":"next is not a function , requestUrl : /api/users/update-details/66e88343716e97a39c2c3dbb"
[2024-09-19 02:09:18] : "level":"error", "message":"You are not authorize to update this information , requestUrl : /api/users/update-details/66e88d0e1615da8fecc87617"
[2024-09-19 02:12:02] : "level":"error", "message":""
[2024-09-19 02:12:19] : "level":"error", "message":""
[2024-09-19 02:12:57] : "level":"error", "message":""
[2024-09-19 02:13:41] : "level":"error", "message":"You are not authorize to update this information , requestUrl : /api/users/update-details/66e88d0e1615da8fecc87617"
[2024-09-20 11:19:38] : "level":"error", "message":"Not a valid session , requestUrl : /api/users/get-details/66e88343716e97a39c2c3dbb"
[2024-09-20 11:58:08] : "level":"error", "message":"E11000 duplicate key error collection: postaway2.users index: email_1 dup key: { email: "kumar1@gmail.com" } , requestUrl : /api/users/signup"
[2024-09-20 12:13:00] : "level":"error", "message":"StrictPopulateError: Cannot populate path `user` because it is not in your schema. Set the `strictPopulate` option to false to override. , requestUrl : /api/posts/66ed15cd45074820f1a7b821"
[2024-09-20 12:13:31] : "level":"error", "message":"StrictPopulateError: Cannot populate path `User` because it is not in your schema. Set the `strictPopulate` option to false to override. , requestUrl : /api/posts/66ed15cd45074820f1a7b821"
[2024-09-20 12:14:41] : "level":"error", "message":"StrictPopulateError: Cannot populate path `User` because it is not in your schema. Set the `strictPopulate` option to false to override. , requestUrl : /api/posts/66ed15cd45074820f1a7b821"
[2024-09-20 12:17:11] : "level":"error", "message":"StrictPopulateError: Cannot populate path `user` because it is not in your schema. Set the `strictPopulate` option to false to override. , requestUrl : /api/posts/66ed15cd45074820f1a7b821"
[2024-09-20 12:18:53] : "level":"error", "message":"StrictPopulateError: Cannot populate path `user` because it is not in your schema. Set the `strictPopulate` option to false to override. , requestUrl : /api/posts/66ed15cd45074820f1a7b821"
[2024-09-20 12:21:28] : "level":"error", "message":"StrictPopulateError: Cannot populate path `user` because it is not in your schema. Set the `strictPopulate` option to false to override. , requestUrl : /api/posts/66ed15cd45074820f1a7b821"
[2024-09-20 12:29:55] : "level":"error", "message":"ReferenceError: ObjectId is not defined , requestUrl : /api/posts/user/66ed15cd45074820f1a7b821"
[2024-09-20 12:31:45] : "level":"error", "message":"ReferenceError: isObjectIdOrHexString is not defined , requestUrl : /api/posts/user/66ed15cd45074820f1a7b821"
[2024-09-20 12:43:11] : "level":"error", "message":"CastError: Cast to ObjectId failed for value "SchemaObjectId {
  path: '66ed15cd45074820f1a7b821',
  instance: 'ObjectId',
  validators: [],
  getters: [],
  setters: [],
  _presplitPath: [ '66ed15cd45074820f1a7b821' ],
  options: SchemaObjectIdOptions {},
  _index: null,
  [Symbol(mongoose#schemaType)]: true
}" (type SchemaObjectId) at path "owner" for model "Post" , requestUrl : /api/posts/user/66ed15cd45074820f1a7b821"
[2024-09-20 12:43:30] : "level":"error", "message":"TypeError: Cannot set properties of undefined (setting 'Symbol(mongoose#schemaType)') , requestUrl : /api/posts/user/66ed15cd45074820f1a7b821"
[2024-09-20 12:44:11] : "level":"error", "message":"TypeError: Cannot set properties of undefined (setting 'Symbol(mongoose#schemaType)') , requestUrl : /api/posts/user/66ed15cd45074820f1a7b821"
[2024-09-20 12:44:18] : "level":"error", "message":"TypeError: Cannot set properties of undefined (setting 'Symbol(mongoose#schemaType)') , requestUrl : /api/posts/user/66e88d0e1615da8fecc87617"
[2024-09-20 12:44:32] : "level":"error", "message":"TypeError: Cannot set properties of undefined (setting 'Symbol(mongoose#schemaType)') , requestUrl : /api/posts/user/66e88d0e1615da8fecc87617"
[2024-09-20 12:59:35] : "level":"error", "message":"Post is no longer availbe  , requestUrl : /api/posts/66ed162a45074820f1a7b831"
[2024-09-20 13:11:49] : "level":"error", "message":"Caption is require , requestUrl : /api/posts"
